To github.com:Minwauu/Non-Examined-Assessment.git
   0703c4c..95159a0  main -> main
To github.com:Minwauu/Non-Examined-Assessment.git
   95159a0..3f32daa  main -> main
To github.com:Minwauu/Non-Examined-Assessment.git
   3f32daa..a1c4475  main -> main
To github.com:Minwauu/Non-Examined-Assessment.git
   a1c4475..773c394  main -> main
To github.com:Minwauu/Non-Examined-Assessment.git
   773c394..98bdb20  main -> main
To github.com:Minwauu/Non-Examined-Assessment.git
   98bdb20..00b5f1b  main -> main
To github.com:Minwauu/Non-Examined-Assessment.git
   00b5f1b..588fbe0  main -> main
To github.com:Minwauu/Non-Examined-Assessment.git
   588fbe0..6fd9e4b  main -> main
To github.com:Minwauu/Non-Examined-Assessment.git
   6fd9e4b..8281673  main -> main
To github.com:Minwauu/Non-Examined-Assessment.git
   8281673..2f33baf  main -> main
To github.com:Minwauu/Non-Examined-Assessment.git
   2f33baf..19a6fce  main -> main
To github.com:Minwauu/Non-Examined-Assessment.git
   19a6fce..7082437  main -> main
To github.com:Minwauu/Non-Examined-Assessment.git
   7082437..3adefbb  main -> main
To github.com:Minwauu/Non-Examined-Assessment.git
   3adefbb..7fbb395  main -> main
To github.com:Minwauu/Non-Examined-Assessment.git
   7fbb395..0ffe5eb  main -> main
To github.com:Minwauu/Non-Examined-Assessment.git
   0ffe5eb..379d67d  main -> main
To github.com:Minwauu/Non-Examined-Assessment.git
   379d67d..1ba08d9  main -> main
To github.com:Minwauu/Non-Examined-Assessment.git
   1ba08d9..54676f4  main -> main
To github.com:Minwauu/Non-Examined-Assessment.git
   54676f4..fdff351  main -> main
To github.com:Minwauu/Non-Examined-Assessment.git
   fdff351..7eb94f6  main -> main
To github.com:Minwauu/Non-Examined-Assessment.git
   7eb94f6..d4d9e2b  main -> main
To github.com:Minwauu/Non-Examined-Assessment.git
   d4d9e2b..50f9251  main -> main
To github.com:Minwauu/Non-Examined-Assessment.git
   50f9251..3ebf00d  main -> main
To github.com:Minwauu/Non-Examined-Assessment.git
   3ebf00d..4753092  main -> main
To github.com:Minwauu/Non-Examined-Assessment.git
   4753092..b86d6f0  main -> main
To github.com:Minwauu/Non-Examined-Assessment.git
   b86d6f0..c016988  main -> main
To github.com:Minwauu/Non-Examined-Assessment.git
   c016988..c83228f  main -> main
To github.com:Minwauu/Non-Examined-Assessment.git
   c83228f..64144e3  main -> main
To github.com:Minwauu/Non-Examined-Assessment.git
   64144e3..38a5625  main -> main
To github.com:Minwauu/Non-Examined-Assessment.git
   38a5625..3fe8979  main -> main
To github.com:Minwauu/Non-Examined-Assessment.git
   3fe8979..d6b6304  main -> main
To github.com:Minwauu/Non-Examined-Assessment.git
   d6b6304..4979376  main -> main
To github.com:Minwauu/Non-Examined-Assessment.git
   4979376..a058620  main -> main
To github.com:Minwauu/Non-Examined-Assessment.git
   a058620..5afd89c  main -> main
To github.com:Minwauu/Non-Examined-Assessment.git
   5afd89c..80980eb  main -> main
To github.com:Minwauu/Non-Examined-Assessment.git
   80980eb..6a7fefd  main -> main
To github.com:Minwauu/Non-Examined-Assessment.git
   6a7fefd..e8414b0  main -> main
To github.com:Minwauu/Non-Examined-Assessment.git
   e8414b0..0950ef5  main -> main
To github.com:Minwauu/Non-Examined-Assessment.git
   0950ef5..0017b2e  main -> main
To github.com:Minwauu/Non-Examined-Assessment.git
   0017b2e..337cdcf  main -> main
To github.com:Minwauu/Non-Examined-Assessment.git
   337cdcf..dda5701  main -> main
To github.com:Minwauu/Non-Examined-Assessment.git
   dda5701..3d1881c  main -> main
To github.com:Minwauu/Non-Examined-Assessment.git
   3d1881c..6b63abc  main -> main
To github.com:Minwauu/Non-Examined-Assessment.git
   6b63abc..88ce8ab  main -> main
To github.com:Minwauu/Non-Examined-Assessment.git
   88ce8ab..d42b565  main -> main
To github.com:Minwauu/Non-Examined-Assessment.git
   d42b565..0c06cae  main -> main
To github.com:Minwauu/Non-Examined-Assessment.git
   0c06cae..bb74837  main -> main
To github.com:Minwauu/Non-Examined-Assessment.git
   bb74837..59c5964  main -> main
To github.com:Minwauu/Non-Examined-Assessment.git
   59c5964..f5f0653  main -> main
To github.com:Minwauu/Non-Examined-Assessment.git
   f5f0653..49bbbf8  main -> main
To github.com:Minwauu/Non-Examined-Assessment.git
   49bbbf8..e319e01  main -> main
To github.com:Minwauu/Non-Examined-Assessment.git
   e319e01..0ae1845  main -> main
To github.com:Minwauu/Non-Examined-Assessment.git
   0ae1845..c1cc18d  main -> main
To github.com:Minwauu/Non-Examined-Assessment.git
   c1cc18d..9fdca09  main -> main
To github.com:Minwauu/Non-Examined-Assessment.git
   9fdca09..6df4acc  main -> main
To github.com:Minwauu/Non-Examined-Assessment.git
   6df4acc..093c4b1  main -> main
To github.com:Minwauu/Non-Examined-Assessment.git
   093c4b1..a12ba01  main -> main
To github.com:Minwauu/Non-Examined-Assessment.git
   a12ba01..6b67523  main -> main
To github.com:Minwauu/Non-Examined-Assessment.git
   6b67523..d118f76  main -> main
To github.com:Minwauu/Non-Examined-Assessment.git
   d118f76..a8ca0a9  main -> main
To github.com:Minwauu/Non-Examined-Assessment.git
   a8ca0a9..878794e  main -> main
To github.com:Minwauu/Non-Examined-Assessment.git
   878794e..9a3320d  main -> main
To github.com:Minwauu/Non-Examined-Assessment.git
   9a3320d..4333a9f  main -> main
To github.com:Minwauu/Non-Examined-Assessment.git
   4333a9f..858f488  main -> main
To github.com:Minwauu/Non-Examined-Assessment.git
   858f488..b5c4f40  main -> main
To github.com:Minwauu/Non-Examined-Assessment.git
   b5c4f40..02b483d  main -> main
To github.com:Minwauu/Non-Examined-Assessment.git
   02b483d..9508e3e  main -> main
To github.com:Minwauu/Non-Examined-Assessment.git
   9508e3e..2d72df7  main -> main
To github.com:Minwauu/Non-Examined-Assessment.git
   2d72df7..6eb27fe  main -> main
To github.com:Minwauu/Non-Examined-Assessment.git
   6eb27fe..6096057  main -> main
To github.com:Minwauu/Non-Examined-Assessment.git
   6096057..7ce02ea  main -> main
To github.com:Minwauu/Non-Examined-Assessment.git
   7ce02ea..821b4da  main -> main
To github.com:Minwauu/Non-Examined-Assessment.git
   821b4da..271cc75  main -> main
To github.com:Minwauu/Non-Examined-Assessment.git
   271cc75..9108a28  main -> main
To github.com:Minwauu/Non-Examined-Assessment.git
   9108a28..ec18a20  main -> main
To github.com:Minwauu/Non-Examined-Assessment.git
   ec18a20..ba7b6f7  main -> main
To github.com:Minwauu/Non-Examined-Assessment.git
   ba7b6f7..487c7e6  main -> main
To github.com:Minwauu/Non-Examined-Assessment.git
   487c7e6..d689af8  main -> main
To github.com:Minwauu/Non-Examined-Assessment.git
   d689af8..fec09c3  main -> main
To github.com:Minwauu/Non-Examined-Assessment.git
   fec09c3..4926e7c  main -> main
To github.com:Minwauu/Non-Examined-Assessment.git
   4926e7c..7c1828f  main -> main
To github.com:Minwauu/Non-Examined-Assessment.git
   7c1828f..164492e  main -> main
To github.com:Minwauu/Non-Examined-Assessment.git
   164492e..e31b1a8  main -> main
To github.com:Minwauu/Non-Examined-Assessment.git
   e31b1a8..041f88f  main -> main
To github.com:Minwauu/Non-Examined-Assessment.git
   041f88f..ae01cdd  main -> main
To github.com:Minwauu/Non-Examined-Assessment.git
   ae01cdd..f685f12  main -> main
To github.com:Minwauu/Non-Examined-Assessment.git
   f685f12..a32018d  main -> main
To github.com:Minwauu/Non-Examined-Assessment.git
   a32018d..0412ea7  main -> main
To github.com:Minwauu/Non-Examined-Assessment.git
   0412ea7..118c48a  main -> main
To github.com:Minwauu/Non-Examined-Assessment.git
   118c48a..d02df61  main -> main
To github.com:Minwauu/Non-Examined-Assessment.git
   d02df61..c0590d5  main -> main
To github.com:Minwauu/Non-Examined-Assessment.git
   c0590d5..abc8b0a  main -> main
To github.com:Minwauu/Non-Examined-Assessment.git
   abc8b0a..2a8330a  main -> main
To github.com:Minwauu/Non-Examined-Assessment.git
   2a8330a..cd45e03  main -> main
To github.com:Minwauu/Non-Examined-Assessment.git
   cd45e03..86f9afb  main -> main
To github.com:Minwauu/Non-Examined-Assessment.git
   86f9afb..5c3c928  main -> main
To github.com:Minwauu/Non-Examined-Assessment.git
   5c3c928..d344d3c  main -> main
To github.com:Minwauu/Non-Examined-Assessment.git
   d344d3c..34edfeb  main -> main
To github.com:Minwauu/Non-Examined-Assessment.git
   34edfeb..b2930d2  main -> main
To github.com:Minwauu/Non-Examined-Assessment.git
   b2930d2..6cf98d8  main -> main
To github.com:Minwauu/Non-Examined-Assessment.git
   6cf98d8..f51dcdf  main -> main
To github.com:Minwauu/Non-Examined-Assessment.git
   f51dcdf..07a1666  main -> main
To github.com:Minwauu/Non-Examined-Assessment.git
   07a1666..c72f7d3  main -> main
To github.com:Minwauu/Non-Examined-Assessment.git
   c72f7d3..217f0b1  main -> main
To github.com:Minwauu/Non-Examined-Assessment.git
   217f0b1..7298da1  main -> main
To github.com:Minwauu/Non-Examined-Assessment.git
   7298da1..d411421  main -> main
To github.com:Minwauu/Non-Examined-Assessment.git
   d411421..e68b69c  main -> main
To github.com:Minwauu/Non-Examined-Assessment.git
   e68b69c..316c97c  main -> main
To github.com:Minwauu/Non-Examined-Assessment.git
   316c97c..43ac4c1  main -> main
To github.com:Minwauu/Non-Examined-Assessment.git
   43ac4c1..e851a99  main -> main
To github.com:Minwauu/Non-Examined-Assessment.git
   e851a99..c67709d  main -> main
To github.com:Minwauu/Non-Examined-Assessment.git
   c67709d..46d34f9  main -> main
To github.com:Minwauu/Non-Examined-Assessment.git
   46d34f9..ede2a07  main -> main
To github.com:Minwauu/Non-Examined-Assessment.git
   ede2a07..9bc7f60  main -> main
To github.com:Minwauu/Non-Examined-Assessment.git
   9bc7f60..5f84fed  main -> main
To github.com:Minwauu/Non-Examined-Assessment.git
   5f84fed..b9d1bc9  main -> main
To github.com:Minwauu/Non-Examined-Assessment.git
   b9d1bc9..b940aac  main -> main
To github.com:Minwauu/Non-Examined-Assessment.git
   b940aac..c64fdbb  main -> main
To github.com:Minwauu/Non-Examined-Assessment.git
   c64fdbb..44cefd2  main -> main
To github.com:Minwauu/Non-Examined-Assessment.git
   44cefd2..811ecab  main -> main
To github.com:Minwauu/Non-Examined-Assessment.git
   811ecab..9fb9d07  main -> main
To github.com:Minwauu/Non-Examined-Assessment.git
   9fb9d07..5fcb493  main -> main
To github.com:Minwauu/Non-Examined-Assessment.git
   5fcb493..bd58053  main -> main
To github.com:Minwauu/Non-Examined-Assessment.git
   bd58053..3f9ffca  main -> main
To github.com:Minwauu/Non-Examined-Assessment.git
   3f9ffca..2fac8d9  main -> main
To github.com:Minwauu/Non-Examined-Assessment.git
   2fac8d9..3006dc1  main -> main
To github.com:Minwauu/Non-Examined-Assessment.git
   3006dc1..0a0731d  main -> main
To github.com:Minwauu/Non-Examined-Assessment.git
   0a0731d..36e5ad5  main -> main
To github.com:Minwauu/Non-Examined-Assessment.git
   36e5ad5..b73f334  main -> main
To github.com:Minwauu/Non-Examined-Assessment.git
   b73f334..f3254f6  main -> main
To github.com:Minwauu/Non-Examined-Assessment.git
   f3254f6..955e2b2  main -> main
To github.com:Minwauu/Non-Examined-Assessment.git
   955e2b2..5f031ad  main -> main
To github.com:Minwauu/Non-Examined-Assessment.git
   5f031ad..3edac9f  main -> main
To github.com:Minwauu/Non-Examined-Assessment.git
   3edac9f..362bad8  main -> main
To github.com:Minwauu/Non-Examined-Assessment.git
   362bad8..fe38f39  main -> main
To github.com:Minwauu/Non-Examined-Assessment.git
   fe38f39..d2a36d1  main -> main
ssh: Could not resolve hostname github.com: Temporary failure in name resolution
fatal: Could not read from remote repository.

Please make sure you have the correct access rights
and the repository exists.
To github.com:Minwauu/Non-Examined-Assessment.git
   d2a36d1..0a26975  main -> main
To github.com:Minwauu/Non-Examined-Assessment.git
   0a26975..fd89a4b  main -> main
To github.com:Minwauu/Non-Examined-Assessment.git
   fd89a4b..29ba18d  main -> main
To github.com:Minwauu/Non-Examined-Assessment.git
   29ba18d..1efeab8  main -> main
To github.com:Minwauu/Non-Examined-Assessment.git
   1efeab8..a99cc03  main -> main
To github.com:Minwauu/Non-Examined-Assessment.git
   a99cc03..a432060  main -> main
To github.com:Minwauu/Non-Examined-Assessment.git
   a432060..39b3b7e  main -> main
To github.com:Minwauu/Non-Examined-Assessment.git
   39b3b7e..39356f6  main -> main
To github.com:Minwauu/Non-Examined-Assessment.git
   39356f6..28b6cba  main -> main
To github.com:Minwauu/Non-Examined-Assessment.git
   28b6cba..3e98bf7  main -> main
To github.com:Minwauu/Non-Examined-Assessment.git
   3e98bf7..7520b21  main -> main
To github.com:Minwauu/Non-Examined-Assessment.git
   7520b21..38067ae  main -> main
To github.com:Minwauu/Non-Examined-Assessment.git
   38067ae..dbb8d05  main -> main
To github.com:Minwauu/Non-Examined-Assessment.git
   dbb8d05..6388224  main -> main
To github.com:Minwauu/Non-Examined-Assessment.git
   6388224..0648a27  main -> main
To github.com:Minwauu/Non-Examined-Assessment.git
   0648a27..87bd7cb  main -> main
To github.com:Minwauu/Non-Examined-Assessment.git
   87bd7cb..d52c428  main -> main
To github.com:Minwauu/Non-Examined-Assessment.git
   d52c428..f6cbf35  main -> main
To github.com:Minwauu/Non-Examined-Assessment.git
   f6cbf35..cfc6c7a  main -> main
To github.com:Minwauu/Non-Examined-Assessment.git
   cfc6c7a..3a3004e  main -> main
To github.com:Minwauu/Non-Examined-Assessment.git
   3a3004e..cad7c52  main -> main
To github.com:Minwauu/Non-Examined-Assessment.git
   cad7c52..9d540bc  main -> main
To github.com:Minwauu/Non-Examined-Assessment.git
   9d540bc..5e58a7b  main -> main
To github.com:Minwauu/Non-Examined-Assessment.git
   5e58a7b..10160b5  main -> main
To github.com:Minwauu/Non-Examined-Assessment.git
   10160b5..853e32b  main -> main
To github.com:Minwauu/Non-Examined-Assessment.git
   853e32b..96f9276  main -> main
To github.com:Minwauu/Non-Examined-Assessment.git
   96f9276..55e9d9c  main -> main
To github.com:Minwauu/Non-Examined-Assessment.git
   55e9d9c..817c1b0  main -> main
To github.com:Minwauu/Non-Examined-Assessment.git
   817c1b0..35a79db  main -> main
To github.com:Minwauu/Non-Examined-Assessment.git
   35a79db..77050fe  main -> main
To github.com:Minwauu/Non-Examined-Assessment.git
   77050fe..5283c59  main -> main
To github.com:Minwauu/Non-Examined-Assessment.git
   5283c59..242eccf  main -> main
To github.com:Minwauu/Non-Examined-Assessment.git
   242eccf..77759e0  main -> main
To github.com:Minwauu/Non-Examined-Assessment.git
   77759e0..de22c72  main -> main
To github.com:Minwauu/Non-Examined-Assessment.git
   de22c72..d948bfc  main -> main
To github.com:Minwauu/Non-Examined-Assessment.git
   d948bfc..ef93177  main -> main
To github.com:Minwauu/Non-Examined-Assessment.git
   ef93177..97c4034  main -> main
To github.com:Minwauu/Non-Examined-Assessment.git
   97c4034..dea496b  main -> main
To github.com:Minwauu/Non-Examined-Assessment.git
   dea496b..9983aec  main -> main
To github.com:Minwauu/Non-Examined-Assessment.git
   9983aec..b9d5bb8  main -> main
To github.com:Minwauu/Non-Examined-Assessment.git
   b9d5bb8..62e2b35  main -> main
To github.com:Minwauu/Non-Examined-Assessment.git
   62e2b35..8ead6fb  main -> main
To github.com:Minwauu/Non-Examined-Assessment.git
   8ead6fb..92a641e  main -> main
To github.com:Minwauu/Non-Examined-Assessment.git
   92a641e..d7cd329  main -> main
To github.com:Minwauu/Non-Examined-Assessment.git
   d7cd329..7552453  main -> main
To github.com:Minwauu/Non-Examined-Assessment.git
   7552453..58501cf  main -> main
To github.com:Minwauu/Non-Examined-Assessment.git
   58501cf..1940b72  main -> main
To github.com:Minwauu/Non-Examined-Assessment.git
   1940b72..5feae80  main -> main
To github.com:Minwauu/Non-Examined-Assessment.git
   5feae80..1c3adf5  main -> main
To github.com:Minwauu/Non-Examined-Assessment.git
   1c3adf5..61fea6f  main -> main
To github.com:Minwauu/Non-Examined-Assessment.git
   61fea6f..93e1da6  main -> main
To github.com:Minwauu/Non-Examined-Assessment.git
   93e1da6..c7320ce  main -> main
To github.com:Minwauu/Non-Examined-Assessment.git
   c7320ce..acb930f  main -> main
To github.com:Minwauu/Non-Examined-Assessment.git
   acb930f..bd2dd3d  main -> main
To github.com:Minwauu/Non-Examined-Assessment.git
   bd2dd3d..4a7222a  main -> main
To github.com:Minwauu/Non-Examined-Assessment.git
   4a7222a..5eab829  main -> main
To github.com:Minwauu/Non-Examined-Assessment.git
   5eab829..8e3b7a3  main -> main
To github.com:Minwauu/Non-Examined-Assessment.git
   8e3b7a3..b4e1c10  main -> main
To github.com:Minwauu/Non-Examined-Assessment.git
   b4e1c10..f367272  main -> main
To github.com:Minwauu/Non-Examined-Assessment.git
   f367272..5f05771  main -> main
To github.com:Minwauu/Non-Examined-Assessment.git
   5f05771..8a51ae4  main -> main
To github.com:Minwauu/Non-Examined-Assessment.git
   8a51ae4..f2eff6a  main -> main
To github.com:Minwauu/Non-Examined-Assessment.git
   f2eff6a..6006c58  main -> main
To github.com:Minwauu/Non-Examined-Assessment.git
   6006c58..593e248  main -> main
To github.com:Minwauu/Non-Examined-Assessment.git
   593e248..b138cec  main -> main
To github.com:Minwauu/Non-Examined-Assessment.git
   b138cec..801e063  main -> main
To github.com:Minwauu/Non-Examined-Assessment.git
   801e063..fb469ec  main -> main
To github.com:Minwauu/Non-Examined-Assessment.git
   fb469ec..547221b  main -> main
To github.com:Minwauu/Non-Examined-Assessment.git
   547221b..20e6445  main -> main
To github.com:Minwauu/Non-Examined-Assessment.git
   20e6445..0a2875b  main -> main
To github.com:Minwauu/Non-Examined-Assessment.git
   0a2875b..805532a  main -> main
To github.com:Minwauu/Non-Examined-Assessment.git
   805532a..8758d23  main -> main
To github.com:Minwauu/Non-Examined-Assessment.git
   8758d23..afb7f2b  main -> main
To github.com:Minwauu/Non-Examined-Assessment.git
   afb7f2b..abbcc8a  main -> main
